Date: Mon Jul 19 08:28:19 2021
Error: signal 11
[bt]: (0) xournalpp(+0x1d95d2) [0x55fa43c6b5d2]
[bt]: (1) /usr/lib/libc.so.6(+0x3cda0) [0x7f52fc8b3da0]
[bt]: (2) xournalpp(_ZNK7Element7getTypeEv+0x1) [0x55fa43c3bbe1]
[bt]: (3) xournalpp(_ZN12DocumentView11drawElementEP6_cairoP7Element+0x8a) [0x55fa43c619ca]
[bt]: (4) xournalpp(_ZN12DocumentView9drawLayerEP6_cairoP5Layer+0x103) [0x55fa43c61b73]
[bt]: (5) xournalpp(_ZN12DocumentView8drawPageE7PageRefP6_cairobb+0x142) [0x55fa43c62612]
[bt]: (6) xournalpp(_ZN10PreviewJob8drawPageEi+0x14d) [0x55fa43b60e3d]
[bt]: (7) xournalpp(_ZN10PreviewJob3runEv+0x119) [0x55fa43b60f99]
[bt]: (8) xournalpp(_ZN9Scheduler17jobThreadCallbackEPS_+0x14a) [0x55fa43b6398a]
[bt]: (9) /usr/lib/libglib-2.0.so.0(+0x822c1) [0x7f52fde062c1]
[bt]: (10) /usr/lib/libpthread.so.0(+0x9259) [0x7f52fcecc259]
[bt]: (11) /usr/lib/libc.so.6(clone+0x43) [0x7f52fc9755e3]


Try to get a better stracktrace...
[bt] #1 xournalpp(+0x1d987b) [0x55fa43c6b87b]
??:0
[bt] #2 /usr/lib/libc.so.6(+0x3cda0) [0x7f52fc8b3da0]
??:0
[bt] #3 xournalpp(_ZNK7Element7getTypeEv+0x1) [0x55fa43c3bbe1]
??:0
[bt] #4 xournalpp(_ZN12DocumentView11drawElementEP6_cairoP7Element+0x8a) [0x55fa43c619ca]
??:0
[bt] #5 xournalpp(_ZN12DocumentView9drawLayerEP6_cairoP5Layer+0x103) [0x55fa43c61b73]
??:0
[bt] #6 xournalpp(_ZN12DocumentView8drawPageE7PageRefP6_cairobb+0x142) [0x55fa43c62612]
??:0
[bt] #7 xournalpp(_ZN10PreviewJob8drawPageEi+0x14d) [0x55fa43b60e3d]
??:0
[bt] #8 xournalpp(_ZN10PreviewJob3runEv+0x119) [0x55fa43b60f99]
??:0
[bt] #9 xournalpp(_ZN9Scheduler17jobThreadCallbackEPS_+0x14a) [0x55fa43b6398a]
??:0
[bt] #10 /usr/lib/libglib-2.0.so.0(+0x822c1) [0x7f52fde062c1]
??:0
[bt] #11 /usr/lib/libpthread.so.0(+0x9259) [0x7f52fcecc259]
??:0
[bt] #12 /usr/lib/libc.so.6(clone+0x43) [0x7f52fc9755e3]
??:0
